Determining if the pthread_create exist failed with the following output:
Change Dir: /root/itpp-4.3.1/build/CMakeFiles/CMakeTmp

Run Build Command:"/usr/bin/make" "cmTC_de2b1/fast"
/usr/bin/make -f CMakeFiles/cmTC_de2b1.dir/build.make CMakeFiles/cmTC_de2b1.dir/build
make[1]: Entering directory '/root/itpp-4.3.1/build/CMakeFiles/CMakeTmp'
Building C object CMakeFiles/cmTC_de2b1.dir/CheckSymbolExists.c.o
/usr/bin/cc     -o CMakeFiles/cmTC_de2b1.dir/CheckSymbolExists.c.o   -c /root/itpp-4.3.1/build/CMakeFiles/CMakeTmp/CheckSymbolExists.c
Linking C executable cmTC_de2b1
/usr/bin/cmake -E cmake_link_script CMakeFiles/cmTC_de2b1.dir/link.txt --verbose=1
/usr/bin/cc       CMakeFiles/cmTC_de2b1.dir/CheckSymbolExists.c.o  -o cmTC_de2b1 -rdynamic 
CMakeFiles/cmTC_de2b1.dir/CheckSymbolExists.c.o: In function `main':
CheckSymbolExists.c:(.text+0x16): undefined reference to `pthread_create'
collect2: error: ld returned 1 exit status
CMakeFiles/cmTC_de2b1.dir/build.make:97: recipe for target 'cmTC_de2b1' failed
make[1]: *** [cmTC_de2b1] Error 1
make[1]: Leaving directory '/root/itpp-4.3.1/build/CMakeFiles/CMakeTmp'
Makefile:126: recipe for target 'cmTC_de2b1/fast' failed
make: *** [cmTC_de2b1/fast] Error 2

File /root/itpp-4.3.1/build/CMakeFiles/CMakeTmp/CheckSymbolExists.c:
/* */
#include <pthread.h>

int main(int argc, char** argv)
{
  (void)argv;
#ifndef pthread_create
  return ((int*)(&pthread_create))[argc];
#else
  (void)argc;
  return 0;
#endif
}

Determining if the function pthread_create exists in the pthreads failed with the following output:
Change Dir: /root/itpp-4.3.1/build/CMakeFiles/CMakeTmp

Run Build Command:"/usr/bin/make" "cmTC_1fd39/fast"
/usr/bin/make -f CMakeFiles/cmTC_1fd39.dir/build.make CMakeFiles/cmTC_1fd39.dir/build
make[1]: Entering directory '/root/itpp-4.3.1/build/CMakeFiles/CMakeTmp'
Building C object CMakeFiles/cmTC_1fd39.dir/CheckFunctionExists.c.o
/usr/bin/cc    -DCHECK_FUNCTION_EXISTS=pthread_create   -o CMakeFiles/cmTC_1fd39.dir/CheckFunctionExists.c.o   -c /usr/share/cmake-3.5/Modules/CheckFunctionExists.c
Linking C executable cmTC_1fd39
/usr/bin/cmake -E cmake_link_script CMakeFiles/cmTC_1fd39.dir/link.txt --verbose=1
/usr/bin/cc   -DCHECK_FUNCTION_EXISTS=pthread_create    CMakeFiles/cmTC_1fd39.dir/CheckFunctionExists.c.o  -o cmTC_1fd39 -rdynamic -lpthreads 
/usr/bin/ld: cannot find -lpthreads
collect2: error: ld returned 1 exit status
CMakeFiles/cmTC_1fd39.dir/build.make:97: recipe for target 'cmTC_1fd39' failed
make[1]: *** [cmTC_1fd39] Error 1
make[1]: Leaving directory '/root/itpp-4.3.1/build/CMakeFiles/CMakeTmp'
Makefile:126: recipe for target 'cmTC_1fd39/fast' failed
make: *** [cmTC_1fd39/fast] Error 2


Determining if the include file ieeefp.h exists failed with the following output:
Change Dir: /root/itpp-4.3.1/build/CMakeFiles/CMakeTmp

Run Build Command:"/usr/bin/make" "cmTC_224db/fast"
/usr/bin/make -f CMakeFiles/cmTC_224db.dir/build.make CMakeFiles/cmTC_224db.dir/build
make[1]: Entering directory '/root/itpp-4.3.1/build/CMakeFiles/CMakeTmp'
Building C object CMakeFiles/cmTC_224db.dir/CheckIncludeFile.c.o
/usr/bin/cc     -o CMakeFiles/cmTC_224db.dir/CheckIncludeFile.c.o   -c /root/itpp-4.3.1/build/CMakeFiles/CMakeTmp/CheckIncludeFile.c
/root/itpp-4.3.1/build/CMakeFiles/CMakeTmp/CheckIncludeFile.c:1:20: fatal error: ieeefp.h: No such file or directory
compilation terminated.
CMakeFiles/cmTC_224db.dir/build.make:65: recipe for target 'CMakeFiles/cmTC_224db.dir/CheckIncludeFile.c.o' failed
make[1]: *** [CMakeFiles/cmTC_224db.dir/CheckIncludeFile.c.o] Error 1
make[1]: Leaving directory '/root/itpp-4.3.1/build/CMakeFiles/CMakeTmp'
Makefile:126: recipe for target 'cmTC_224db/fast' failed
make: *** [cmTC_224db/fast] Error 2


Determining if the isfinite exist failed with the following output:
Change Dir: /root/itpp-4.3.1/build/CMakeFiles/CMakeTmp

Run Build Command:"/usr/bin/make" "cmTC_0be12/fast"
/usr/bin/make -f CMakeFiles/cmTC_0be12.dir/build.make CMakeFiles/cmTC_0be12.dir/build
make[1]: Entering directory '/root/itpp-4.3.1/build/CMakeFiles/CMakeTmp'
Building CXX object CMakeFiles/cmTC_0be12.dir/CheckSymbolExists.cxx.o
/usr/bin/c++     -fopenmp     -o CMakeFiles/cmTC_0be12.dir/CheckSymbolExists.cxx.o -c /root/itpp-4.3.1/build/CMakeFiles/CMakeTmp/CheckSymbolExists.cxx
/root/itpp-4.3.1/build/CMakeFiles/CMakeTmp/CheckSymbolExists.cxx: In function ‘int main(int, char**)’:
/root/itpp-4.3.1/build/CMakeFiles/CMakeTmp/CheckSymbolExists.cxx:8:19: error: ‘isfinite’ was not declared in this scope
   return ((int*)(&isfinite))[argc];
                   ^
/root/itpp-4.3.1/build/CMakeFiles/CMakeTmp/CheckSymbolExists.cxx:8:19: note: suggested alternative:
In file included from /root/itpp-4.3.1/build/CMakeFiles/CMakeTmp/CheckSymbolExists.cxx:2:0:
/usr/include/c++/5/cmath:844:5: note:   ‘std::isfinite’
     isfinite(_Tp __f)
     ^
CMakeFiles/cmTC_0be12.dir/build.make:65: recipe for target 'CMakeFiles/cmTC_0be12.dir/CheckSymbolExists.cxx.o' failed
make[1]: *** [CMakeFiles/cmTC_0be12.dir/CheckSymbolExists.cxx.o] Error 1
make[1]: Leaving directory '/root/itpp-4.3.1/build/CMakeFiles/CMakeTmp'
Makefile:126: recipe for target 'cmTC_0be12/fast' failed
make: *** [cmTC_0be12/fast] Error 2

File /root/itpp-4.3.1/build/CMakeFiles/CMakeTmp/CheckSymbolExists.cxx:
/* */
#include <cmath>

int main(int argc, char** argv)
{
  (void)argv;
#ifndef isfinite
  return ((int*)(&isfinite))[argc];
#else
  (void)argc;
  return 0;
#endif
}

Determining if the function isfinite exists failed with the following output:
Change Dir: /root/itpp-4.3.1/build/CMakeFiles/CMakeTmp

Run Build Command:"/usr/bin/make" "cmTC_d9bb8/fast"
/usr/bin/make -f CMakeFiles/cmTC_d9bb8.dir/build.make CMakeFiles/cmTC_d9bb8.dir/build
make[1]: Entering directory '/root/itpp-4.3.1/build/CMakeFiles/CMakeTmp'
Building C object CMakeFiles/cmTC_d9bb8.dir/CheckFunctionExists.c.o
/usr/bin/cc    -DCHECK_FUNCTION_EXISTS=isfinite   -o CMakeFiles/cmTC_d9bb8.dir/CheckFunctionExists.c.o   -c /usr/share/cmake-3.5/Modules/CheckFunctionExists.c
Linking C executable cmTC_d9bb8
/usr/bin/cmake -E cmake_link_script CMakeFiles/cmTC_d9bb8.dir/link.txt --verbose=1
/usr/bin/cc   -DCHECK_FUNCTION_EXISTS=isfinite    CMakeFiles/cmTC_d9bb8.dir/CheckFunctionExists.c.o  -o cmTC_d9bb8 -rdynamic -lm 
CMakeFiles/cmTC_d9bb8.dir/CheckFunctionExists.c.o: In function `main':
CheckFunctionExists.c:(.text+0x15): undefined reference to `isfinite'
collect2: error: ld returned 1 exit status
CMakeFiles/cmTC_d9bb8.dir/build.make:97: recipe for target 'cmTC_d9bb8' failed
make[1]: *** [cmTC_d9bb8] Error 1
make[1]: Leaving directory '/root/itpp-4.3.1/build/CMakeFiles/CMakeTmp'
Makefile:126: recipe for target 'cmTC_d9bb8/fast' failed
make: *** [cmTC_d9bb8/fast] Error 2


